# JRE version: Java(TM) SE Runtime Environment (8.0_92-b14) (build 1.8.0_92-b14)
# Java VM: Java HotSpot(TM) 64-Bit Server VM (25.92-b14 mixed mode windows-amd64 compressed oops)
Heap:
 PSYoungGen      total 338432K, used 337994K [0x00000000e0000000, 0x00000000f7a80000, 0x0000000100000000)
  eden space 307712K, 99% used [0x00000000e0000000,0x00000000f2c15fd0,0x00000000f2c80000)
  from space 30720K, 99% used [0x00000000f5400000,0x00000000f71fc9b0,0x00000000f7200000)
  to   space 8704K, 99% used [0x00000000f7200000,0x00000000f7a7ecd0,0x00000000f7a80000)
 ParOldGen       total 89088K, used 87284K [0x00000000a0000000, 0x00000000a5700000, 0x00000000e0000000)
  object space 89088K, 97% used [0x00000000a0000000,0x00000000a553d040,0x00000000a5700000)
 Metaspace       used 86227K, capacity 89960K, committed 90240K, reserved 1128448K
  class space    used 10950K, capacity 11647K, committed 11648K, reserved 1048576K
GC Heap History (10 events):
Event: 604.520 GC heap after
Heap after GC invocations=24 (full 5):
 PSYoungGen      total 289280K, used 13489K [0x00000000e0000000, 0x00000000f7580000, 0x0000000100000000)
  eden space 268800K, 0% used [0x00000000e0000000,0x00000000e0000000,0x00000000f0680000)
  from space 20480K, 65% used [0x00000000f0680000,0x00000000f13ac498,0x00000000f1a80000)
  to   space 20992K, 0% used [0x00000000f6100000,0x00000000f6100000,0x00000000f7580000)
 ParOldGen       total 89088K, used 49058K [0x00000000a0000000, 0x00000000a5700000, 0x00000000e0000000)
  object space 89088K, 55% used [0x00000000a0000000,0x00000000a2fe8958,0x00000000a5700000)
 Metaspace       used 62921K, capacity 66128K, committed 66304K, reserved 1105920K
  class space    used 8490K, capacity 9089K, committed 9216K, reserved 1048576K
}
Event: 643.063 GC heap before
{Heap before GC invocations=25 (full 5):
 PSYoungGen      total 289280K, used 281276K [0x00000000e0000000, 0x00000000f7580000, 0x0000000100000000)
  eden space 268800K, 99% used [0x00000000e0000000,0x00000000f0582dc8,0x00000000f0680000)
  from space 20480K, 65% used [0x00000000f0680000,0x00000000f13ac498,0x00000000f1a80000)
  to   space 20992K, 0% used [0x00000000f6100000,0x00000000f6100000,0x00000000f7580000)
 ParOldGen       total 89088K, used 49058K [0x00000000a0000000, 0x00000000a5700000, 0x00000000e0000000)
  object space 89088K, 55% used [0x00000000a0000000,0x00000000a2fe8958,0x00000000a5700000)
 Metaspace       used 69617K, capacity 73008K, committed 73216K, reserved 1112064K
  class space    used 9289K, capacity 9935K, committed 9984K, reserved 1048576K
Event: 643.086 GC heap after
Heap after GC invocations=25 (full 5):
 PSYoungGen      total 328704K, used 18543K [0x00000000e0000000, 0x00000000f7380000, 0x0000000100000000)
  eden space 309760K, 0% used [0x00000000e0000000,0x00000000e0000000,0x00000000f2e80000)
  from space 18944K, 97% used [0x00000000f6100000,0x00000000f731bf18,0x00000000f7380000)
  to   space 23040K, 0% used [0x00000000f4680000,0x00000000f4680000,0x00000000f5d00000)
 ParOldGen       total 89088K, used 49066K [0x00000000a0000000, 0x00000000a5700000, 0x00000000e0000000)
  object space 89088K, 55% used [0x00000000a0000000,0x00000000a2fea958,0x00000000a5700000)
 Metaspace       used 69617K, capacity 73008K, committed 73216K, reserved 1112064K
  class space    used 9289K, capacity 9935K, committed 9984K, reserved 1048576K
}
Event: 648.867 GC heap before
{Heap before GC invocations=26 (full 5):
 PSYoungGen      total 328704K, used 328303K [0x00000000e0000000, 0x00000000f7380000, 0x0000000100000000)
  eden space 309760K, 100% used [0x00000000e0000000,0x00000000f2e80000,0x00000000f2e80000)
  from space 18944K, 97% used [0x00000000f6100000,0x00000000f731bf18,0x00000000f7380000)
  to   space 23040K, 0% used [0x00000000f4680000,0x00000000f4680000,0x00000000f5d00000)
 ParOldGen       total 89088K, used 49066K [0x00000000a0000000, 0x00000000a5700000, 0x00000000e0000000)
  object space 89088K, 55% used [0x00000000a0000000,0x00000000a2fea958,0x00000000a5700000)
 Metaspace       used 74191K, capacity 77738K, committed 78080K, reserved 1116160K
  class space    used 9734K, capacity 10406K, committed 10496K, reserved 1048576K
Event: 648.900 GC heap after
Heap after GC invocations=26 (full 5):
 PSYoungGen      total 357376K, used 23036K [0x00000000e0000000, 0x00000000f9680000, 0x0000000100000000)
  eden space 334336K, 0% used [0x00000000e0000000,0x00000000e0000000,0x00000000f4680000)
  from space 23040K, 99% used [0x00000000f4680000,0x00000000f5cff1d0,0x00000000f5d00000)
  to   space 29184K, 0% used [0x00000000f7a00000,0x00000000f7a00000,0x00000000f9680000)
 ParOldGen       total 89088K, used 56291K [0x00000000a0000000, 0x00000000a5700000, 0x00000000e0000000)
  object space 89088K, 63% used [0x00000000a0000000,0x00000000a36f8d70,0x00000000a5700000)
 Metaspace       used 74191K, capacity 77738K, committed 78080K, reserved 1116160K
  class space    used 9734K, capacity 10406K, committed 10496K, reserved 1048576K
}
Event: 1395.299 GC heap before
{Heap before GC invocations=27 (full 5):
 PSYoungGen      total 357376K, used 357372K [0x00000000e0000000, 0x00000000f9680000, 0x0000000100000000)
  eden space 334336K, 100% used [0x00000000e0000000,0x00000000f4680000,0x00000000f4680000)
  from space 23040K, 99% used [0x00000000f4680000,0x00000000f5cff1d0,0x00000000f5d00000)
  to   space 29184K, 0% used [0x00000000f7a00000,0x00000000f7a00000,0x00000000f9680000)
 ParOldGen       total 89088K, used 56291K [0x00000000a0000000, 0x00000000a5700000, 0x00000000e0000000)
  object space 89088K, 63% used [0x00000000a0000000,0x00000000a36f8d70,0x00000000a5700000)
 Metaspace       used 75246K, capacity 78974K, committed 79232K, reserved 1118208K
  class space    used 9896K, capacity 10574K, committed 10624K, reserved 1048576K
Event: 1395.328 GC heap after
Heap after GC invocations=27 (full 5):
 PSYoungGen      total 343040K, used 22391K [0x00000000e0000000, 0x00000000f9000000, 0x0000000100000000)
  eden space 320512K, 0% used [0x00000000e0000000,0x00000000e0000000,0x00000000f3900000)
  from space 22528K, 99% used [0x00000000f7a00000,0x00000000f8fddc10,0x00000000f9000000)
  to   space 30720K, 0% used [0x00000000f5400000,0x00000000f5400000,0x00000000f7200000)
 ParOldGen       total 89088K, used 56299K [0x00000000a0000000, 0x00000000a5700000, 0x00000000e0000000)
  object space 89088K, 63% used [0x00000000a0000000,0x00000000a36fad70,0x00000000a5700000)
 Metaspace       used 75246K, capacity 78974K, committed 79232K, reserved 1118208K
  class space    used 9896K, capacity 10574K, committed 10624K, reserved 1048576K
}
Event: 1411.026 GC heap before
{Heap before GC invocations=28 (full 5):
 PSYoungGen      total 343040K, used 342903K [0x00000000e0000000, 0x00000000f9000000, 0x0000000100000000)
  eden space 320512K, 100% used [0x00000000e0000000,0x00000000f3900000,0x00000000f3900000)
  from space 22528K, 99% used [0x00000000f7a00000,0x00000000f8fddc10,0x00000000f9000000)
  to   space 30720K, 0% used [0x00000000f5400000,0x00000000f5400000,0x00000000f7200000)
 ParOldGen       total 89088K, used 56299K [0x00000000a0000000, 0x00000000a5700000, 0x00000000e0000000)
  object space 89088K, 63% used [0x00000000a0000000,0x00000000a36fad70,0x00000000a5700000)
 Metaspace       used 85312K, capacity 89020K, committed 89472K, reserved 1126400K
  class space    used 10876K, capacity 11549K, committed 11648K, reserved 1048576K
Event: 1411.107 GC heap after
Heap after GC invocations=28 (full 5):
 PSYoungGen      total 338432K, used 30706K [0x00000000e0000000, 0x00000000f7a80000, 0x0000000100000000)
  eden space 307712K, 0% used [0x00000000e0000000,0x00000000e0000000,0x00000000f2c80000)
  from space 30720K, 99% used [0x00000000f5400000,0x00000000f71fc9b0,0x00000000f7200000)
  to   space 8704K, 0% used [0x00000000f7200000,0x00000000f7200000,0x00000000f7a80000)
 ParOldGen       total 89088K, used 61542K [0x00000000a0000000, 0x00000000a5700000, 0x00000000e0000000)
  object space 89088K, 69% used [0x00000000a0000000,0x00000000a3c19868,0x00000000a5700000)
 Metaspace       used 85312K, capacity 89020K, committed 89472K, reserved 1126400K
  class space    used 10876K, capacity 11549K, committed 11648K, reserved 1048576K
}
Event: 1415.611 GC heap before
{Heap before GC invocations=29 (full 5):
 PSYoungGen      total 338432K, used 337994K [0x00000000e0000000, 0x00000000f7a80000, 0x0000000100000000)
  eden space 307712K, 99% used [0x00000000e0000000,0x00000000f2c15fd0,0x00000000f2c80000)
  from space 30720K, 99% used [0x00000000f5400000,0x00000000f71fc9b0,0x00000000f7200000)
  to   space 8704K, 0% used [0x00000000f7200000,0x00000000f7200000,0x00000000f7a80000)
 ParOldGen       total 89088K, used 61542K [0x00000000a0000000, 0x00000000a5700000, 0x00000000e0000000)
  object space 89088K, 69% used [0x00000000a0000000,0x00000000a3c19868,0x00000000a5700000)
 Metaspace       used 86227K, capacity 89960K, committed 90240K, reserved 1128448K
  class space    used 10950K, capacity 11647K, committed 11648K, reserved 1048576K

