# JRE version: Java(TM) SE Runtime Environment (8.0_92-b14) (build 1.8.0_92-b14)
# Java VM: Java HotSpot(TM) 64-Bit Server VM (25.92-b14 mixed mode windows-amd64 compressed oops)
Heap:
 PSYoungGen      total 150528K, used 57012K [0x00000000e0000000, 0x00000000ea280000, 0x0000000100000000)
  eden space 137728K, 41% used [0x00000000e0000000,0x00000000e37ad1d8,0x00000000e8680000)
  from space 12800K, 0% used [0x00000000e9400000,0x00000000e9400000,0x00000000ea080000)
  to   space 13824K, 0% used [0x00000000e8680000,0x00000000e8680000,0x00000000e9400000)
 ParOldGen       total 80896K, used 40536K [0x00000000a0000000, 0x00000000a4f00000, 0x00000000e0000000)
  object space 80896K, 50% used [0x00000000a0000000,0x00000000a27963c8,0x00000000a4f00000)
 Metaspace       used 52296K, capacity 54356K, committed 54656K, reserved 1095680K
  class space    used 7279K, capacity 7729K, committed 7808K, reserved 1048576K
GC Heap History (10 events):
Event: 28.355 GC heap before
{Heap before GC invocations=15 (full 2):
 PSYoungGen      total 77312K, used 76882K [0x00000000e0000000, 0x00000000e5900000, 0x0000000100000000)
  eden space 70656K, 100% used [0x00000000e0000000,0x00000000e4500000,0x00000000e4500000)
  from space 6656K, 93% used [0x00000000e5280000,0x00000000e5894930,0x00000000e5900000)
  to   space 9728K, 0% used [0x00000000e4600000,0x00000000e4600000,0x00000000e4f80000)
 ParOldGen       total 80896K, used 15275K [0x00000000a0000000, 0x00000000a4f00000, 0x00000000e0000000)
  object space 80896K, 18% used [0x00000000a0000000,0x00000000a0eeae00,0x00000000a4f00000)
 Metaspace       used 41933K, capacity 42782K, committed 43136K, reserved 1087488K
  class space    used 5720K, capacity 5925K, committed 6016K, reserved 1048576K
Event: 28.365 GC heap after
Heap after GC invocations=15 (full 2):
 PSYoungGen      total 81408K, used 8858K [0x00000000e0000000, 0x00000000e7600000, 0x0000000100000000)
  eden space 71680K, 0% used [0x00000000e0000000,0x00000000e0000000,0x00000000e4600000)
  from space 9728K, 91% used [0x00000000e4600000,0x00000000e4ea6998,0x00000000e4f80000)
  to   space 10752K, 0% used [0x00000000e6b80000,0x00000000e6b80000,0x00000000e7600000)
 ParOldGen       total 80896K, used 15283K [0x00000000a0000000, 0x00000000a4f00000, 0x00000000e0000000)
  object space 80896K, 18% used [0x00000000a0000000,0x00000000a0eece00,0x00000000a4f00000)
 Metaspace       used 41933K, capacity 42782K, committed 43136K, reserved 1087488K
  class space    used 5720K, capacity 5925K, committed 6016K, reserved 1048576K
}
Event: 29.843 GC heap before
{Heap before GC invocations=16 (full 2):
 PSYoungGen      total 81408K, used 80538K [0x00000000e0000000, 0x00000000e7600000, 0x0000000100000000)
  eden space 71680K, 100% used [0x00000000e0000000,0x00000000e4600000,0x00000000e4600000)
  from space 9728K, 91% used [0x00000000e4600000,0x00000000e4ea6998,0x00000000e4f80000)
  to   space 10752K, 0% used [0x00000000e6b80000,0x00000000e6b80000,0x00000000e7600000)
 ParOldGen       total 80896K, used 15283K [0x00000000a0000000, 0x00000000a4f00000, 0x00000000e0000000)
  object space 80896K, 18% used [0x00000000a0000000,0x00000000a0eece00,0x00000000a4f00000)
 Metaspace       used 45004K, capacity 46138K, committed 46464K, reserved 1089536K
  class space    used 6165K, capacity 6427K, committed 6528K, reserved 1048576K
Event: 29.865 GC heap after
Heap after GC invocations=16 (full 2):
 PSYoungGen      total 110592K, used 6645K [0x00000000e0000000, 0x00000000e7600000, 0x0000000100000000)
  eden space 99840K, 0% used [0x00000000e0000000,0x00000000e0000000,0x00000000e6180000)
  from space 10752K, 61% used [0x00000000e6b80000,0x00000000e71fd568,0x00000000e7600000)
  to   space 10240K, 0% used [0x00000000e6180000,0x00000000e6180000,0x00000000e6b80000)
 ParOldGen       total 80896K, used 20750K [0x00000000a0000000, 0x00000000a4f00000, 0x00000000e0000000)
  object space 80896K, 25% used [0x00000000a0000000,0x00000000a1443bd0,0x00000000a4f00000)
 Metaspace       used 45004K, capacity 46138K, committed 46464K, reserved 1089536K
  class space    used 6165K, capacity 6427K, committed 6528K, reserved 1048576K
}
Event: 33.083 GC heap before
{Heap before GC invocations=17 (full 2):
 PSYoungGen      total 110592K, used 106485K [0x00000000e0000000, 0x00000000e7600000, 0x0000000100000000)
  eden space 99840K, 100% used [0x00000000e0000000,0x00000000e6180000,0x00000000e6180000)
  from space 10752K, 61% used [0x00000000e6b80000,0x00000000e71fd568,0x00000000e7600000)
  to   space 10240K, 0% used [0x00000000e6180000,0x00000000e6180000,0x00000000e6b80000)
 ParOldGen       total 80896K, used 20750K [0x00000000a0000000, 0x00000000a4f00000, 0x00000000e0000000)
  object space 80896K, 25% used [0x00000000a0000000,0x00000000a1443bd0,0x00000000a4f00000)
 Metaspace       used 49905K, capacity 51326K, committed 51584K, reserved 1093632K
  class space    used 6882K, capacity 7185K, committed 7296K, reserved 1048576K
Event: 33.117 GC heap after
Heap after GC invocations=17 (full 2):
 PSYoungGen      total 110080K, used 10236K [0x00000000e0000000, 0x00000000ea080000, 0x0000000100000000)
  eden space 99840K, 0% used [0x00000000e0000000,0x00000000e0000000,0x00000000e6180000)
  from space 10240K, 99% used [0x00000000e6180000,0x00000000e6b7f108,0x00000000e6b80000)
  to   space 12800K, 0% used [0x00000000e9400000,0x00000000e9400000,0x00000000ea080000)
 ParOldGen       total 80896K, used 25112K [0x00000000a0000000, 0x00000000a4f00000, 0x00000000e0000000)
  object space 80896K, 31% used [0x00000000a0000000,0x00000000a1886190,0x00000000a4f00000)
 Metaspace       used 49905K, capacity 51326K, committed 51584K, reserved 1093632K
  class space    used 6882K, capacity 7185K, committed 7296K, reserved 1048576K
}
Event: 34.968 GC heap before
{Heap before GC invocations=18 (full 2):
 PSYoungGen      total 110080K, used 79457K [0x00000000e0000000, 0x00000000ea080000, 0x0000000100000000)
  eden space 99840K, 69% used [0x00000000e0000000,0x00000000e4399390,0x00000000e6180000)
  from space 10240K, 99% used [0x00000000e6180000,0x00000000e6b7f108,0x00000000e6b80000)
  to   space 12800K, 0% used [0x00000000e9400000,0x00000000e9400000,0x00000000ea080000)
 ParOldGen       total 80896K, used 25112K [0x00000000a0000000, 0x00000000a4f00000, 0x00000000e0000000)
  object space 80896K, 31% used [0x00000000a0000000,0x00000000a1886190,0x00000000a4f00000)
 Metaspace       used 51943K, capacity 53890K, committed 54016K, reserved 1095680K
  class space    used 7250K, capacity 7674K, committed 7680K, reserved 1048576K
Event: 34.986 GC heap after
Heap after GC invocations=18 (full 2):
 PSYoungGen      total 150528K, used 10179K [0x00000000e0000000, 0x00000000ea280000, 0x0000000100000000)
  eden space 137728K, 0% used [0x00000000e0000000,0x00000000e0000000,0x00000000e8680000)
  from space 12800K, 79% used [0x00000000e9400000,0x00000000e9df0ee0,0x00000000ea080000)
  to   space 13824K, 0% used [0x00000000e8680000,0x00000000e8680000,0x00000000e9400000)
 ParOldGen       total 80896K, used 32936K [0x00000000a0000000, 0x00000000a4f00000, 0x00000000e0000000)
  object space 80896K, 40% used [0x00000000a0000000,0x00000000a202a210,0x00000000a4f00000)
 Metaspace       used 51943K, capacity 53890K, committed 54016K, reserved 1095680K
  class space    used 7250K, capacity 7674K, committed 7680K, reserved 1048576K
}
Event: 34.987 GC heap before
{Heap before GC invocations=19 (full 3):
 PSYoungGen      total 150528K, used 10179K [0x00000000e0000000, 0x00000000ea280000, 0x0000000100000000)
  eden space 137728K, 0% used [0x00000000e0000000,0x00000000e0000000,0x00000000e8680000)
  from space 12800K, 79% used [0x00000000e9400000,0x00000000e9df0ee0,0x00000000ea080000)
  to   space 13824K, 0% used [0x00000000e8680000,0x00000000e8680000,0x00000000e9400000)
 ParOldGen       total 80896K, used 32936K [0x00000000a0000000, 0x00000000a4f00000, 0x00000000e0000000)
  object space 80896K, 40% used [0x00000000a0000000,0x00000000a202a210,0x00000000a4f00000)
 Metaspace       used 51943K, capacity 53890K, committed 54016K, reserved 1095680K
  class space    used 7250K, capacity 7674K, committed 7680K, reserved 1048576K
Event: 35.365 GC heap after
Heap after GC invocations=19 (full 3):
 PSYoungGen      total 150528K, used 0K [0x00000000e0000000, 0x00000000ea280000, 0x0000000100000000)
  eden space 137728K, 0% used [0x00000000e0000000,0x00000000e0000000,0x00000000e8680000)
  from space 12800K, 0% used [0x00000000e9400000,0x00000000e9400000,0x00000000ea080000)
  to   space 13824K, 0% used [0x00000000e8680000,0x00000000e8680000,0x00000000e9400000)
 ParOldGen       total 80896K, used 40536K [0x00000000a0000000, 0x00000000a4f00000, 0x00000000e0000000)
  object space 80896K, 50% used [0x00000000a0000000,0x00000000a27963c8,0x00000000a4f00000)
 Metaspace       used 51943K, capacity 53890K, committed 54016K, reserved 1095680K
  class space    used 7250K, capacity 7674K, committed 7680K, reserved 1048576K
}

